<?xml version="1.0" encoding="UTF-8"?>
<!-- Generated by org.testng.reporters.JUnitReportReporter -->
<testsuite hostname="DESKTOP-88CLK0G" failures="0" tests="16" name="runner.TestRunner" time="68.197" errors="0" timestamp="2023-06-12T22:28:44 EDT" skipped="0">
  <testcase classname="runner.TestRunner" name="runScenario" time="4.223"/>
  <system-out/>
  <testcase classname="runner.TestRunner" name="runScenario" time="4.149"/>
  <system-out/>
  <testcase classname="runner.TestRunner" name="runScenario" time="3.093"/>
  <system-out/>
  <testcase classname="runner.TestRunner" name="runScenario" time="3.894"/>
  <system-out/>
  <testcase classname="runner.TestRunner" name="runScenario" time="3.916"/>
  <system-out/>
  <testcase classname="runner.TestRunner" name="runScenario" time="3.613"/>
  <system-out/>
  <testcase classname="runner.TestRunner" name="runScenario" time="4.345"/>
  <system-out/>
  <testcase classname="runner.TestRunner" name="runScenario" time="3.792"/>
  <system-out/>
  <testcase classname="runner.TestRunner" name="runScenario" time="4.549"/>
  <system-out/>
  <testcase classname="runner.TestRunner" name="runScenario" time="4.106"/>
  <system-out/>
  <testcase classname="runner.TestRunner" name="runScenario" time="4.492"/>
  <system-out/>
  <testcase classname="runner.TestRunner" name="runScenario" time="4.561"/>
  <system-out/>
  <testcase classname="runner.TestRunner" name="runScenario" time="4.537"/>
  <system-out/>
  <testcase classname="runner.TestRunner" name="runScenario" time="3.531"/>
  <system-out/>
  <testcase classname="runner.TestRunner" name="runScenario" time="7.285"/>
  <system-out/>
  <testcase classname="runner.TestRunner" name="runScenario" time="4.111"/>
  <system-out/>
</testsuite> <!-- runner.TestRunner -->
